Detecting compiler hash for triplet x64-linux...
All requested packages are currently installed.
Restored 0 packages from /home/eli/.cache/vcpkg/archives in 910 ns. Use --debug to see more details.

Total elapsed time: 326.5 ms

The package eastl provides CMake targets:

    find_package(EASTL CONFIG REQUIRED)
    target_link_libraries(main PRIVATE EASTL)

The package enet provides CMake targets:

    find_package(unofficial-enet CONFIG REQUIRED)
    target_link_libraries(main PRIVATE unofficial::enet::enet)

The package gflags provides CMake targets:

    find_package(gflags CONFIG REQUIRED)
    target_link_libraries(main PRIVATE gflags::gflags)

The package glm provides CMake targets:

    find_package(glm CONFIG REQUIRED)
    target_link_libraries(main PRIVATE glm::glm)

The package libvorbis provides CMake targets:

    find_package(Vorbis CONFIG REQUIRED)
    target_link_libraries(main PRIVATE Vorbis::vorbis Vorbis::vorbisenc Vorbis::vorbisfile)

The package sdl2 provides CMake targets:

    find_package(SDL2 CONFIG REQUIRED)
    target_link_libraries(main PRIVATE SDL2::SDL2 SDL2::SDL2main SDL2::SDL2-static)

The package sdl2-mixer provides CMake targets:

    find_package(sdl2-mixer CONFIG REQUIRED)
    target_link_libraries(main PRIVATE SDL2::SDL2_mixer)

The package sfml provides CMake targets:

    find_package(SFML COMPONENTS system window graphics CONFIG REQUIRED)
    target_link_libraries(main PRIVATE sfml-system sfml-network sfml-graphics sfml-window)

    # If you want SFML to provide an implementation of main():
    target_link_libraries(main PRIVATE sfml-main)

